2025-08-24 22:40:20.933 [JavaFX Application Thread] ERROR c.m.s.m.dao.impl.ExportPriceDaoImpl - Error while setting parameters: Invalid value "1" for parameter "parameterIndex" [90008-222]
org.h2.jdbc.JdbcSQLDataException: Invalid value "1" for parameter "parameterIndex" [90008-222]
	at com.h2database@2.2.222/org.h2.message.DbException.getJdbcSQLException(DbException.java:658)
	at com.h2database@2.2.222/org.h2.message.DbException.getJdbcSQLException(DbException.java:489)
	at com.h2database@2.2.222/org.h2.message.DbException.get(DbException.java:223)
	at com.h2database@2.2.222/org.h2.message.DbException.getInvalidValueException(DbException.java:298)
	at com.h2database@2.2.222/org.h2.jdbc.JdbcPreparedStatement.setParameter(JdbcPreparedStatement.java:1408)
	at com.h2database@2.2.222/org.h2.jdbc.JdbcPreparedStatement.setLong(JdbcPreparedStatement.java:691)
	at com.manager.stock.manager_stock/com.manager.stock.manager_stock.dao.impl.AbstractDao.setParams(AbstractDao.java:38)
	at com.manager.stock.manager_stock/com.manager.stock.manager_stock.dao.impl.AbstractDao.query(AbstractDao.java:77)
	at com.manager.stock.manager_stock/com.manager.stock.manager_stock.dao.impl.ExportPriceDaoImpl.findProductHaveMinPriceByGroup(ExportPriceDaoImpl.java:177)
	at com.manager.stock.manager_stock/com.manager.stock.manager_stock.service.impl.ExportPriceServiceImpl.findProductHaveMinPriceByGroup(ExportPriceServiceImpl.java:81)
	at com.manager.stock.manager_stock/com.manager.stock.manager_stock.screen.product.productDetail.ProductDetailPresenter.findMinExportPriceByGroup(ProductDetailPresenter.java:60)
	at com.manager.stock.manager_stock/com.manager.stock.manager_stock.screen.product.productDetail.ProductDetailScreen.createStatisticProductByGroup(ProductDetailScreen.java:339)
	at com.manager.stock.manager_stock/com.manager.stock.manager_stock.screen.product.productDetail.ProductDetailScreen.lambda$detailForm$3(ProductDetailScreen.java:105)
	at javafx.base/com.sun.javafx.collections.ListListenerHelper$Generic.fireValueChangedEvent(ListListenerHelper.java:329)
	at javafx.base/com.sun.javafx.collections.ListListenerHelper.fireValueChangedEvent(ListListenerHelper.java:73)
	at javafx.base/javafx.collections.ObservableListBase.fireChange(ObservableListBase.java:239)
	at javafx.base/javafx.collections.ListChangeBuilder.commit(ListChangeBuilder.java:482)
	at javafx.base/javafx.collections.ListChangeBuilder.endChange(ListChangeBuilder.java:541)
	at javafx.base/javafx.collections.ObservableListBase.endChange(ObservableListBase.java:211)
	at javafx.base/javafx.collections.ModifiableObservableListBase.addAll(ModifiableObservableListBase.java:109)
	at com.manager.stock.manager_stock/com.manager.stock.manager_stock.screen.product.productDetail.ProductDetailScreen.showProduct(ProductDetailScreen.java:525)
	at com.manager.stock.manager_stock/com.manager.stock.manager_stock.screen.product.productList.ProductScreen$1.onAdd(ProductScreen.java:116)
	at com.manager.stock.manager_stock/com.manager.stock.manager_stock.utils.CreateTopBarOfReceiptUtil.lambda$createTopBar$0(CreateTopBarOfReceiptUtil.java:53)
	at javafx.base/com.sun.javafx.event.CompositeEventHandler.dispatchBubblingEvent(CompositeEventHandler.java:86)
	at javafx.base/com.sun.javafx.event.EventHandlerManager.dispatchBubblingEvent(EventHandlerManager.java:234)
	at javafx.base/com.sun.javafx.event.EventHandlerManager.dispatchBubblingEvent(EventHandlerManager.java:191)
	at javafx.base/com.sun.javafx.event.CompositeEventDispatcher.dispatchBubblingEvent(CompositeEventDispatcher.java:59)
	at javafx.base/com.sun.javafx.event.BasicEventDispatcher.dispatchEvent(BasicEventDispatcher.java:58)
	at javafx.base/com.sun.javafx.event.EventDispatchChainImpl.dispatchEvent(EventDispatchChainImpl.java:114)
	at javafx.base/com.sun.javafx.event.BasicEventDispatcher.dispatchEvent(BasicEventDispatcher.java:56)
	at javafx.base/com.sun.javafx.event.EventDispatchChainImpl.dispatchEvent(EventDispatchChainImpl.java:114)
	at javafx.base/com.sun.javafx.event.BasicEventDispatcher.dispatchEvent(BasicEventDispatcher.java:56)
	at javafx.base/com.sun.javafx.event.EventDispatchChainImpl.dispatchEvent(EventDispatchChainImpl.java:114)
	at javafx.base/com.sun.javafx.event.EventUtil.fireEventImpl(EventUtil.java:74)
	at javafx.base/com.sun.javafx.event.EventUtil.fireEvent(EventUtil.java:54)
	at javafx.base/javafx.event.Event.fireEvent(Event.java:198)
	at javafx.graphics/javafx.scene.Scene$ClickGenerator.postProcess(Scene.java:3602)
	at javafx.graphics/javafx.scene.Scene$MouseHandler.process(Scene.java:3906)
	at javafx.graphics/javafx.scene.Scene.processMouseEvent(Scene.java:1878)
	at javafx.graphics/javafx.scene.Scene$ScenePeerListener.mouseEvent(Scene.java:2623)
	at javafx.graphics/com.sun.javafx.tk.quantum.GlassViewEventHandler$MouseEventNotification.run(GlassViewEventHandler.java:411)
	at javafx.graphics/com.sun.javafx.tk.quantum.GlassViewEventHandler$MouseEventNotification.run(GlassViewEventHandler.java:301)
	at java.base/java.security.AccessController.doPrivileged(AccessController.java:399)
	at javafx.graphics/com.sun.javafx.tk.quantum.GlassViewEventHandler.lambda$handleMouseEvent$2(GlassViewEventHandler.java:450)
	at javafx.graphics/com.sun.javafx.tk.quantum.QuantumToolkit.runWithoutRenderLock(QuantumToolkit.java:424)
	at javafx.graphics/com.sun.javafx.tk.quantum.GlassViewEventHandler.handleMouseEvent(GlassViewEventHandler.java:449)
	at javafx.graphics/com.sun.glass.ui.View.handleMouseEvent(View.java:557)
	at javafx.graphics/com.sun.glass.ui.View.notifyMouse(View.java:943)
	at javafx.graphics/com.sun.glass.ui.win.WinApplication._runLoop(Native Method)
	at javafx.graphics/com.sun.glass.ui.win.WinApplication.lambda$runLoop$3(WinApplication.java:184)
	at java.base/java.lang.Thread.run(Thread.java:842)
