2025-08-25 00:10:51.920 [JavaFX Application Thread] INFO  c.m.s.m.s.impl.ProductServiceImpl - This is logger.
2025-08-25 00:10:51.978 [ForkJoinPool.commonPool-worker-1] ERROR c.m.s.m.service.UpfileService - Up file faild: e
java.io.FileNotFoundException: D:\data\tokens (The system cannot find the file specified)
	at java.base/java.io.FileInputStream.open0(Native Method)
	at java.base/java.io.FileInputStream.open(FileInputStream.java:216)
	at java.base/java.io.FileInputStream.<init>(FileInputStream.java:157)
	at java.base/java.io.FileInputStream.<init>(FileInputStream.java:111)
	at upfileservice@1.0/com.upfileservice.UpfileService.getDriveService(UpfileService.java:35)
	at upfileservice@1.0/com.upfileservice.UpfileService.uploadOrUpdateFile(UpfileService.java:53)
	at upfileservice@1.0/com.upfileservice.UpfileService.upFile(UpfileService.java:111)
	at com.manager.stock.manager_stock/com.manager.stock.manager_stock.service.UpfileService.upFile(UpfileService.java:23)
	at java.base/java.util.concurrent.CompletableFuture$AsyncRun.run(CompletableFuture.java:1804)
	at java.base/java.util.concurrent.CompletableFuture$AsyncRun.exec(CompletableFuture.java:1796)
	at java.base/java.util.concurrent.ForkJoinTask.doExec(ForkJoinTask.java:373)
	at java.base/java.util.concurrent.ForkJoinPool$WorkQueue.topLevelExec(ForkJoinPool.java:1182)
	at java.base/java.util.concurrent.ForkJoinPool.scan(ForkJoinPool.java:1655)
	at java.base/java.util.concurrent.ForkJoinPool.runWorker(ForkJoinPool.java:1622)
	at java.base/java.util.concurrent.ForkJoinWorkerThread.run(ForkJoinWorkerThread.java:165)
2025-08-25 00:10:52.761 [JavaFX Application Thread] INFO  c.m.s.m.s.impl.ProductServiceImpl - This is logger.
2025-08-25 00:11:31.239 [ForkJoinPool.commonPool-worker-1] ERROR c.m.s.m.service.UpfileService - Up file faild: e
java.io.FileNotFoundException: D:\data\tokens (Access is denied)
	at java.base/java.io.FileInputStream.open0(Native Method)
	at java.base/java.io.FileInputStream.open(FileInputStream.java:216)
	at java.base/java.io.FileInputStream.<init>(FileInputStream.java:157)
	at java.base/java.io.FileInputStream.<init>(FileInputStream.java:111)
	at upfileservice@1.0/com.upfileservice.UpfileService.getDriveService(UpfileService.java:35)
	at upfileservice@1.0/com.upfileservice.UpfileService.uploadOrUpdateFile(UpfileService.java:53)
	at upfileservice@1.0/com.upfileservice.UpfileService.upFile(UpfileService.java:111)
	at com.manager.stock.manager_stock/com.manager.stock.manager_stock.service.UpfileService.upFile(UpfileService.java:23)
	at java.base/java.util.concurrent.CompletableFuture$AsyncRun.run(CompletableFuture.java:1804)
	at java.base/java.util.concurrent.CompletableFuture$AsyncRun.exec(CompletableFuture.java:1796)
	at java.base/java.util.concurrent.ForkJoinTask.doExec(ForkJoinTask.java:373)
	at java.base/java.util.concurrent.ForkJoinPool$WorkQueue.topLevelExec(ForkJoinPool.java:1182)
	at java.base/java.util.concurrent.ForkJoinPool.scan(ForkJoinPool.java:1655)
	at java.base/java.util.concurrent.ForkJoinPool.runWorker(ForkJoinPool.java:1622)
	at java.base/java.util.concurrent.ForkJoinWorkerThread.run(ForkJoinWorkerThread.java:165)
2025-08-25 00:11:31.416 [JavaFX Application Thread] INFO  c.m.s.m.s.impl.ProductServiceImpl - This is logger.
2025-08-25 00:11:32.196 [JavaFX Application Thread] INFO  c.m.s.m.s.impl.ProductServiceImpl - This is logger.
2025-08-25 00:34:40.693 [JavaFX Application Thread] INFO  c.m.s.m.s.impl.ProductServiceImpl - This is logger.
2025-08-25 00:34:40.715 [ForkJoinPool.commonPool-worker-1] ERROR c.m.s.m.service.UpfileService - Up file faild: e
java.io.FileNotFoundException: D:\data\credential.json (The system cannot find the file specified)
	at java.base/java.io.FileInputStream.open0(Native Method)
	at java.base/java.io.FileInputStream.open(FileInputStream.java:216)
	at java.base/java.io.FileInputStream.<init>(FileInputStream.java:157)
	at java.base/java.io.FileInputStream.<init>(FileInputStream.java:111)
	at upfileservice@1.0/com.upfileservice.UpfileService.getDriveService(UpfileService.java:35)
	at upfileservice@1.0/com.upfileservice.UpfileService.uploadOrUpdateFile(UpfileService.java:53)
	at upfileservice@1.0/com.upfileservice.UpfileService.upFile(UpfileService.java:119)
	at com.manager.stock.manager_stock/com.manager.stock.manager_stock.service.UpfileService.upFile(UpfileService.java:23)
	at java.base/java.util.concurrent.CompletableFuture$AsyncRun.run(CompletableFuture.java:1804)
	at java.base/java.util.concurrent.CompletableFuture$AsyncRun.exec(CompletableFuture.java:1796)
	at java.base/java.util.concurrent.ForkJoinTask.doExec(ForkJoinTask.java:373)
	at java.base/java.util.concurrent.ForkJoinPool$WorkQueue.topLevelExec(ForkJoinPool.java:1182)
	at java.base/java.util.concurrent.ForkJoinPool.scan(ForkJoinPool.java:1655)
	at java.base/java.util.concurrent.ForkJoinPool.runWorker(ForkJoinPool.java:1622)
	at java.base/java.util.concurrent.ForkJoinWorkerThread.run(ForkJoinWorkerThread.java:165)
2025-08-25 00:34:41.419 [JavaFX Application Thread] INFO  c.m.s.m.s.impl.ProductServiceImpl - This is logger.
2025-08-25 00:35:33.895 [JavaFX Application Thread] INFO  c.m.s.m.s.impl.ProductServiceImpl - This is logger.
2025-08-25 00:35:34.760 [JavaFX Application Thread] INFO  c.m.s.m.s.impl.ProductServiceImpl - This is logger.
2025-08-25 22:46:49.547 [ForkJoinPool.commonPool-worker-1] INFO  c.m.s.m.service.UpfileService - Upload file.
2025-08-25 22:46:49.802 [JavaFX Application Thread] INFO  c.m.s.m.s.impl.ProductServiceImpl - This is logger.
2025-08-25 22:46:49.874 [ForkJoinPool.commonPool-worker-1] INFO  c.m.s.m.service.UpfileService - status: -1
2025-08-25 22:46:49.896 [ForkJoinPool.commonPool-worker-1] INFO  c.m.s.m.service.UpfileService - Backup file successfully.
2025-08-25 22:46:50.827 [JavaFX Application Thread] INFO  c.m.s.m.s.impl.ProductServiceImpl - This is logger.
2025-08-25 22:50:20.367 [ForkJoinPool.commonPool-worker-1] INFO  c.m.s.m.service.UpfileService - Upload file.
2025-08-25 22:50:20.569 [JavaFX Application Thread] INFO  c.m.s.m.s.impl.ProductServiceImpl - This is logger.
2025-08-25 22:50:20.892 [ForkJoinPool.commonPool-worker-1] INFO  c.m.s.m.service.UpfileService - status: -1
2025-08-25 22:50:20.908 [ForkJoinPool.commonPool-worker-1] INFO  c.m.s.m.service.UpfileService - Backup file successfully.
2025-08-25 22:50:21.994 [JavaFX Application Thread] INFO  c.m.s.m.s.impl.ProductServiceImpl - This is logger.
2025-08-25 22:50:26.141 [JavaFX Application Thread] INFO  c.m.s.m.s.impl.ProductServiceImpl - This is logger.
2025-08-25 22:53:49.651 [ForkJoinPool.commonPool-worker-1] INFO  c.m.s.m.service.UpfileService - Upload file.
2025-08-25 22:53:49.851 [JavaFX Application Thread] INFO  c.m.s.m.s.impl.ProductServiceImpl - This is logger.
2025-08-25 22:53:49.944 [ForkJoinPool.commonPool-worker-1] INFO  c.m.s.m.service.UpfileService - status: -1
2025-08-25 22:53:49.963 [ForkJoinPool.commonPool-worker-1] INFO  c.m.s.m.service.UpfileService - Backup file successfully.
2025-08-25 22:53:50.871 [JavaFX Application Thread] INFO  c.m.s.m.s.impl.ProductServiceImpl - This is logger.
2025-08-25 22:53:54.179 [JavaFX Application Thread] INFO  c.m.s.m.s.impl.ProductServiceImpl - This is logger.
2025-08-25 22:54:45.304 [JavaFX Application Thread] INFO  c.m.s.m.s.impl.ProductServiceImpl - This is logger.
2025-08-25 22:56:00.402 [ForkJoinPool.commonPool-worker-1] INFO  c.m.s.m.service.UpfileService - Upload file.
2025-08-25 22:56:00.519 [JavaFX Application Thread] INFO  c.m.s.m.s.impl.ProductServiceImpl - This is logger.
2025-08-25 22:56:00.798 [ForkJoinPool.commonPool-worker-1] INFO  c.m.s.m.service.UpfileService - status: -1
2025-08-25 22:56:00.818 [ForkJoinPool.commonPool-worker-1] INFO  c.m.s.m.service.UpfileService - Backup file successfully.
2025-08-25 22:56:01.883 [JavaFX Application Thread] INFO  c.m.s.m.s.impl.ProductServiceImpl - This is logger.
2025-08-25 22:56:04.537 [JavaFX Application Thread] INFO  c.m.s.m.s.impl.ProductServiceImpl - This is logger.
2025-08-25 22:57:52.198 [ForkJoinPool.commonPool-worker-1] INFO  c.m.s.m.service.UpfileService - Upload file.
2025-08-25 22:57:52.368 [JavaFX Application Thread] INFO  c.m.s.m.s.impl.ProductServiceImpl - This is logger.
2025-08-25 22:57:52.605 [ForkJoinPool.commonPool-worker-1] INFO  c.m.s.m.service.UpfileService - status: -1
2025-08-25 22:57:52.622 [ForkJoinPool.commonPool-worker-1] INFO  c.m.s.m.service.UpfileService - Backup file successfully.
2025-08-25 22:57:55.275 [ForkJoinPool.commonPool-worker-1] INFO  c.m.s.m.service.UpfileService - Upload file.
2025-08-25 22:57:55.582 [ForkJoinPool.commonPool-worker-1] INFO  c.m.s.m.service.UpfileService - status: -1
2025-08-25 22:57:55.603 [ForkJoinPool.commonPool-worker-1] INFO  c.m.s.m.service.UpfileService - Backup file successfully.
2025-08-25 22:57:55.764 [JavaFX Application Thread] INFO  c.m.s.m.s.impl.ProductServiceImpl - This is logger.
2025-08-25 22:57:57.061 [JavaFX Application Thread] INFO  c.m.s.m.s.impl.ProductServiceImpl - This is logger.
2025-08-25 22:58:00.978 [JavaFX Application Thread] INFO  c.m.s.m.s.impl.ProductServiceImpl - This is logger.
