2025-08-24 22:40:10.361 [JavaFX Application Thread] INFO  c.m.s.m.s.impl.ProductServiceImpl - This is logger.
2025-08-24 22:40:10.436 [ForkJoinPool.commonPool-worker-1] ERROR c.m.s.m.service.UpfileService - Up file faild: e
java.io.FileNotFoundException: C:\data\credential.json (The system cannot find the file specified)
	at java.base/java.io.FileInputStream.open0(Native Method)
	at java.base/java.io.FileInputStream.open(FileInputStream.java:216)
	at java.base/java.io.FileInputStream.<init>(FileInputStream.java:157)
	at java.base/java.io.FileInputStream.<init>(FileInputStream.java:111)
	at upfileservice@0.0.1-SNAPSHOT/com.upfileservice.UpfileService.getDriveService(UpfileService.java:34)
	at upfileservice@0.0.1-SNAPSHOT/com.upfileservice.UpfileService.uploadOrUpdateFile(UpfileService.java:52)
	at upfileservice@0.0.1-SNAPSHOT/com.upfileservice.UpfileService.upFile(UpfileService.java:112)
	at com.manager.stock.manager_stock/com.manager.stock.manager_stock.service.UpfileService.upFile(UpfileService.java:16)
	at java.base/java.util.concurrent.CompletableFuture$AsyncRun.run(CompletableFuture.java:1804)
	at java.base/java.util.concurrent.CompletableFuture$AsyncRun.exec(CompletableFuture.java:1796)
	at java.base/java.util.concurrent.ForkJoinTask.doExec(ForkJoinTask.java:373)
	at java.base/java.util.concurrent.ForkJoinPool$WorkQueue.topLevelExec(ForkJoinPool.java:1182)
	at java.base/java.util.concurrent.ForkJoinPool.scan(ForkJoinPool.java:1655)
	at java.base/java.util.concurrent.ForkJoinPool.runWorker(ForkJoinPool.java:1622)
	at java.base/java.util.concurrent.ForkJoinWorkerThread.run(ForkJoinWorkerThread.java:165)
2025-08-24 22:40:11.791 [JavaFX Application Thread] INFO  c.m.s.m.s.impl.ProductServiceImpl - This is logger.
2025-08-24 22:45:24.774 [JavaFX Application Thread] INFO  c.m.s.m.s.impl.ProductServiceImpl - This is logger.
2025-08-24 22:45:24.857 [ForkJoinPool.commonPool-worker-1] ERROR c.m.s.m.service.UpfileService - Up file faild: e
java.io.FileNotFoundException: C:\data\credential.json (The system cannot find the file specified)
	at java.base/java.io.FileInputStream.open0(Native Method)
	at java.base/java.io.FileInputStream.open(FileInputStream.java:216)
	at java.base/java.io.FileInputStream.<init>(FileInputStream.java:157)
	at java.base/java.io.FileInputStream.<init>(FileInputStream.java:111)
	at upfileservice@0.0.1-SNAPSHOT/com.upfileservice.UpfileService.getDriveService(UpfileService.java:34)
	at upfileservice@0.0.1-SNAPSHOT/com.upfileservice.UpfileService.uploadOrUpdateFile(UpfileService.java:52)
	at upfileservice@0.0.1-SNAPSHOT/com.upfileservice.UpfileService.upFile(UpfileService.java:112)
	at com.manager.stock.manager_stock/com.manager.stock.manager_stock.service.UpfileService.upFile(UpfileService.java:16)
	at java.base/java.util.concurrent.CompletableFuture$AsyncRun.run(CompletableFuture.java:1804)
	at java.base/java.util.concurrent.CompletableFuture$AsyncRun.exec(CompletableFuture.java:1796)
	at java.base/java.util.concurrent.ForkJoinTask.doExec(ForkJoinTask.java:373)
	at java.base/java.util.concurrent.ForkJoinPool$WorkQueue.topLevelExec(ForkJoinPool.java:1182)
	at java.base/java.util.concurrent.ForkJoinPool.scan(ForkJoinPool.java:1655)
	at java.base/java.util.concurrent.ForkJoinPool.runWorker(ForkJoinPool.java:1622)
	at java.base/java.util.concurrent.ForkJoinWorkerThread.run(ForkJoinWorkerThread.java:165)
2025-08-24 22:45:26.250 [JavaFX Application Thread] INFO  c.m.s.m.s.impl.ProductServiceImpl - This is logger.
2025-08-24 22:50:04.471 [JavaFX Application Thread] INFO  c.m.s.m.s.impl.ProductServiceImpl - This is logger.
2025-08-24 22:50:04.487 [ForkJoinPool.commonPool-worker-1] ERROR c.m.s.m.service.UpfileService - Up file faild: e
java.io.FileNotFoundException: C:\data\credential.json (The system cannot find the file specified)
	at java.base/java.io.FileInputStream.open0(Native Method)
	at java.base/java.io.FileInputStream.open(FileInputStream.java:216)
	at java.base/java.io.FileInputStream.<init>(FileInputStream.java:157)
	at java.base/java.io.FileInputStream.<init>(FileInputStream.java:111)
	at upfileservice@0.0.1-SNAPSHOT/com.upfileservice.UpfileService.getDriveService(UpfileService.java:34)
	at upfileservice@0.0.1-SNAPSHOT/com.upfileservice.UpfileService.uploadOrUpdateFile(UpfileService.java:52)
	at upfileservice@0.0.1-SNAPSHOT/com.upfileservice.UpfileService.upFile(UpfileService.java:112)
	at com.manager.stock.manager_stock/com.manager.stock.manager_stock.service.UpfileService.upFile(UpfileService.java:16)
	at java.base/java.util.concurrent.CompletableFuture$AsyncRun.run(CompletableFuture.java:1804)
	at java.base/java.util.concurrent.CompletableFuture$AsyncRun.exec(CompletableFuture.java:1796)
	at java.base/java.util.concurrent.ForkJoinTask.doExec(ForkJoinTask.java:373)
	at java.base/java.util.concurrent.ForkJoinPool$WorkQueue.topLevelExec(ForkJoinPool.java:1182)
	at java.base/java.util.concurrent.ForkJoinPool.scan(ForkJoinPool.java:1655)
	at java.base/java.util.concurrent.ForkJoinPool.runWorker(ForkJoinPool.java:1622)
	at java.base/java.util.concurrent.ForkJoinWorkerThread.run(ForkJoinWorkerThread.java:165)
2025-08-24 22:50:05.882 [JavaFX Application Thread] INFO  c.m.s.m.s.impl.ProductServiceImpl - This is logger.
2025-08-24 22:55:03.722 [JavaFX Application Thread] INFO  c.m.s.m.s.impl.ProductServiceImpl - This is logger.
2025-08-24 22:55:03.741 [ForkJoinPool.commonPool-worker-1] ERROR c.m.s.m.service.UpfileService - Up file faild: e
java.io.FileNotFoundException: C:\data\credential.json (The system cannot find the file specified)
	at java.base/java.io.FileInputStream.open0(Native Method)
	at java.base/java.io.FileInputStream.open(FileInputStream.java:216)
	at java.base/java.io.FileInputStream.<init>(FileInputStream.java:157)
	at java.base/java.io.FileInputStream.<init>(FileInputStream.java:111)
	at upfileservice@0.0.1-SNAPSHOT/com.upfileservice.UpfileService.getDriveService(UpfileService.java:34)
	at upfileservice@0.0.1-SNAPSHOT/com.upfileservice.UpfileService.uploadOrUpdateFile(UpfileService.java:52)
	at upfileservice@0.0.1-SNAPSHOT/com.upfileservice.UpfileService.upFile(UpfileService.java:112)
	at com.manager.stock.manager_stock/com.manager.stock.manager_stock.service.UpfileService.upFile(UpfileService.java:16)
	at java.base/java.util.concurrent.CompletableFuture$AsyncRun.run(CompletableFuture.java:1804)
	at java.base/java.util.concurrent.CompletableFuture$AsyncRun.exec(CompletableFuture.java:1796)
	at java.base/java.util.concurrent.ForkJoinTask.doExec(ForkJoinTask.java:373)
	at java.base/java.util.concurrent.ForkJoinPool$WorkQueue.topLevelExec(ForkJoinPool.java:1182)
	at java.base/java.util.concurrent.ForkJoinPool.scan(ForkJoinPool.java:1655)
	at java.base/java.util.concurrent.ForkJoinPool.runWorker(ForkJoinPool.java:1622)
	at java.base/java.util.concurrent.ForkJoinWorkerThread.run(ForkJoinWorkerThread.java:165)
2025-08-24 22:55:04.383 [JavaFX Application Thread] INFO  c.m.s.m.s.impl.ProductServiceImpl - This is logger.
2025-08-24 22:57:39.357 [JavaFX Application Thread] INFO  c.m.s.m.s.impl.ProductServiceImpl - This is logger.
2025-08-24 22:57:39.417 [ForkJoinPool.commonPool-worker-1] ERROR c.m.s.m.service.UpfileService - Up file faild: e
java.io.FileNotFoundException: C:\data\credential.json (The system cannot find the file specified)
	at java.base/java.io.FileInputStream.open0(Native Method)
	at java.base/java.io.FileInputStream.open(FileInputStream.java:216)
	at java.base/java.io.FileInputStream.<init>(FileInputStream.java:157)
	at java.base/java.io.FileInputStream.<init>(FileInputStream.java:111)
	at upfileservice@0.0.1-SNAPSHOT/com.upfileservice.UpfileService.getDriveService(UpfileService.java:34)
	at upfileservice@0.0.1-SNAPSHOT/com.upfileservice.UpfileService.uploadOrUpdateFile(UpfileService.java:52)
	at upfileservice@0.0.1-SNAPSHOT/com.upfileservice.UpfileService.upFile(UpfileService.java:112)
	at com.manager.stock.manager_stock/com.manager.stock.manager_stock.service.UpfileService.upFile(UpfileService.java:16)
	at java.base/java.util.concurrent.CompletableFuture$AsyncRun.run(CompletableFuture.java:1804)
	at java.base/java.util.concurrent.CompletableFuture$AsyncRun.exec(CompletableFuture.java:1796)
	at java.base/java.util.concurrent.ForkJoinTask.doExec(ForkJoinTask.java:373)
	at java.base/java.util.concurrent.ForkJoinPool$WorkQueue.topLevelExec(ForkJoinPool.java:1182)
	at java.base/java.util.concurrent.ForkJoinPool.scan(ForkJoinPool.java:1655)
	at java.base/java.util.concurrent.ForkJoinPool.runWorker(ForkJoinPool.java:1622)
	at java.base/java.util.concurrent.ForkJoinWorkerThread.run(ForkJoinWorkerThread.java:165)
2025-08-24 22:57:40.197 [JavaFX Application Thread] INFO  c.m.s.m.s.impl.ProductServiceImpl - This is logger.
2025-08-24 22:57:43.274 [JavaFX Application Thread] INFO  c.m.s.m.s.impl.ProductServiceImpl - This is logger.
2025-08-24 22:57:55.305 [ForkJoinPool.commonPool-worker-1] ERROR c.m.s.m.service.UpfileService - Up file faild: e
java.io.FileNotFoundException: C:\data\credential.json (The system cannot find the file specified)
	at java.base/java.io.FileInputStream.open0(Native Method)
	at java.base/java.io.FileInputStream.open(FileInputStream.java:216)
	at java.base/java.io.FileInputStream.<init>(FileInputStream.java:157)
	at java.base/java.io.FileInputStream.<init>(FileInputStream.java:111)
	at upfileservice@0.0.1-SNAPSHOT/com.upfileservice.UpfileService.getDriveService(UpfileService.java:34)
	at upfileservice@0.0.1-SNAPSHOT/com.upfileservice.UpfileService.uploadOrUpdateFile(UpfileService.java:52)
	at upfileservice@0.0.1-SNAPSHOT/com.upfileservice.UpfileService.upFile(UpfileService.java:112)
	at com.manager.stock.manager_stock/com.manager.stock.manager_stock.service.UpfileService.upFile(UpfileService.java:16)
	at java.base/java.util.concurrent.CompletableFuture$AsyncRun.run(CompletableFuture.java:1804)
	at java.base/java.util.concurrent.CompletableFuture$AsyncRun.exec(CompletableFuture.java:1796)
	at java.base/java.util.concurrent.ForkJoinTask.doExec(ForkJoinTask.java:373)
	at java.base/java.util.concurrent.ForkJoinPool$WorkQueue.topLevelExec(ForkJoinPool.java:1182)
	at java.base/java.util.concurrent.ForkJoinPool.scan(ForkJoinPool.java:1655)
	at java.base/java.util.concurrent.ForkJoinPool.runWorker(ForkJoinPool.java:1622)
	at java.base/java.util.concurrent.ForkJoinWorkerThread.run(ForkJoinWorkerThread.java:165)
2025-08-24 22:57:55.459 [JavaFX Application Thread] INFO  c.m.s.m.s.impl.ProductServiceImpl - This is logger.
2025-08-24 22:57:56.248 [JavaFX Application Thread] INFO  c.m.s.m.s.impl.ProductServiceImpl - This is logger.
2025-08-24 22:59:49.190 [JavaFX Application Thread] INFO  c.m.s.m.s.impl.ProductServiceImpl - This is logger.
2025-08-24 22:59:49.204 [ForkJoinPool.commonPool-worker-1] ERROR c.m.s.m.service.UpfileService - Up file faild: e
java.io.FileNotFoundException: C:\data\credential.json (The system cannot find the file specified)
	at java.base/java.io.FileInputStream.open0(Native Method)
	at java.base/java.io.FileInputStream.open(FileInputStream.java:216)
	at java.base/java.io.FileInputStream.<init>(FileInputStream.java:157)
	at java.base/java.io.FileInputStream.<init>(FileInputStream.java:111)
	at upfileservice@0.0.1-SNAPSHOT/com.upfileservice.UpfileService.getDriveService(UpfileService.java:34)
	at upfileservice@0.0.1-SNAPSHOT/com.upfileservice.UpfileService.uploadOrUpdateFile(UpfileService.java:52)
	at upfileservice@0.0.1-SNAPSHOT/com.upfileservice.UpfileService.upFile(UpfileService.java:112)
	at com.manager.stock.manager_stock/com.manager.stock.manager_stock.service.UpfileService.upFile(UpfileService.java:16)
	at java.base/java.util.concurrent.CompletableFuture$AsyncRun.run(CompletableFuture.java:1804)
	at java.base/java.util.concurrent.CompletableFuture$AsyncRun.exec(CompletableFuture.java:1796)
	at java.base/java.util.concurrent.ForkJoinTask.doExec(ForkJoinTask.java:373)
	at java.base/java.util.concurrent.ForkJoinPool$WorkQueue.topLevelExec(ForkJoinPool.java:1182)
	at java.base/java.util.concurrent.ForkJoinPool.scan(ForkJoinPool.java:1655)
	at java.base/java.util.concurrent.ForkJoinPool.runWorker(ForkJoinPool.java:1622)
	at java.base/java.util.concurrent.ForkJoinWorkerThread.run(ForkJoinWorkerThread.java:165)
2025-08-24 22:59:49.961 [JavaFX Application Thread] INFO  c.m.s.m.s.impl.ProductServiceImpl - This is logger.
2025-08-24 23:45:47.228 [JavaFX Application Thread] INFO  c.m.s.m.s.impl.ProductServiceImpl - This is logger.
2025-08-24 23:45:47.247 [JavaFX Application Thread] INFO  c.m.s.m.s.impl.ProductServiceImpl - This is logger.
2025-08-24 23:45:56.909 [JavaFX Application Thread] INFO  c.m.s.m.s.impl.ProductServiceImpl - This is logger.
2025-08-24 23:45:56.984 [ForkJoinPool.commonPool-worker-1] ERROR c.m.s.m.service.UpfileService - Up file faild: e
java.io.FileNotFoundException: C:\data\credential.json (The system cannot find the file specified)
	at java.base/java.io.FileInputStream.open0(Native Method)
	at java.base/java.io.FileInputStream.open(FileInputStream.java:216)
	at java.base/java.io.FileInputStream.<init>(FileInputStream.java:157)
	at java.base/java.io.FileInputStream.<init>(FileInputStream.java:111)
	at upfileservice@0.0.1-SNAPSHOT/com.upfileservice.UpfileService.getDriveService(UpfileService.java:34)
	at upfileservice@0.0.1-SNAPSHOT/com.upfileservice.UpfileService.uploadOrUpdateFile(UpfileService.java:52)
	at upfileservice@0.0.1-SNAPSHOT/com.upfileservice.UpfileService.upFile(UpfileService.java:112)
	at com.manager.stock.manager_stock/com.manager.stock.manager_stock.service.UpfileService.upFile(UpfileService.java:16)
	at java.base/java.util.concurrent.CompletableFuture$AsyncRun.run(CompletableFuture.java:1804)
	at java.base/java.util.concurrent.CompletableFuture$AsyncRun.exec(CompletableFuture.java:1796)
	at java.base/java.util.concurrent.ForkJoinTask.doExec(ForkJoinTask.java:373)
	at java.base/java.util.concurrent.ForkJoinPool$WorkQueue.topLevelExec(ForkJoinPool.java:1182)
	at java.base/java.util.concurrent.ForkJoinPool.scan(ForkJoinPool.java:1655)
	at java.base/java.util.concurrent.ForkJoinPool.runWorker(ForkJoinPool.java:1622)
	at java.base/java.util.concurrent.ForkJoinWorkerThread.run(ForkJoinWorkerThread.java:165)
2025-08-24 23:45:57.740 [JavaFX Application Thread] INFO  c.m.s.m.s.impl.ProductServiceImpl - This is logger.
2025-08-24 23:49:44.281 [JavaFX Application Thread] INFO  c.m.s.m.s.impl.ProductServiceImpl - This is logger.
2025-08-24 23:49:45.231 [JavaFX Application Thread] INFO  c.m.s.m.s.impl.ProductServiceImpl - This is logger.
