2025-08-26 00:13:11.106 [JavaFX Application Thread] INFO  c.m.s.m.s.impl.ProductServiceImpl - This is logger.
2025-08-26 00:15:03.735 [JavaFX Application Thread] INFO  c.m.s.m.s.impl.ProductServiceImpl - This is logger.
2025-08-26 00:17:54.802 [ForkJoinPool.commonPool-worker-1] INFO  c.m.s.m.service.UpfileService - Upload file.
2025-08-26 00:17:55.043 [JavaFX Application Thread] INFO  c.m.s.m.s.impl.ProductServiceImpl - This is logger.
2025-08-26 00:17:55.105 [ForkJoinPool.commonPool-worker-1] INFO  c.m.s.m.service.UpfileService - status: -1
2025-08-26 00:17:55.126 [ForkJoinPool.commonPool-worker-1] INFO  c.m.s.m.service.UpfileService - Backup file successfully.
2025-08-26 00:17:56.038 [JavaFX Application Thread] INFO  c.m.s.m.s.impl.ProductServiceImpl - This is logger.
2025-08-26 00:18:00.202 [JavaFX Application Thread] INFO  c.m.s.m.s.impl.ProductServiceImpl - This is logger.
2025-08-26 00:18:18.759 [JavaFX Application Thread] INFO  c.m.s.m.s.impl.ProductServiceImpl - This is logger.
2025-08-26 00:26:34.574 [ForkJoinPool.commonPool-worker-1] INFO  c.m.s.m.service.UpfileService - Upload file.
2025-08-26 00:26:34.872 [JavaFX Application Thread] INFO  c.m.s.m.s.impl.ProductServiceImpl - This is logger.
2025-08-26 00:26:34.873 [ForkJoinPool.commonPool-worker-1] INFO  c.m.s.m.service.UpfileService - status: -1
2025-08-26 00:26:34.886 [ForkJoinPool.commonPool-worker-1] INFO  c.m.s.m.service.UpfileService - Backup file successfully.
2025-08-26 00:26:35.804 [JavaFX Application Thread] INFO  c.m.s.m.s.impl.ProductServiceImpl - This is logger.
2025-08-26 00:26:40.022 [JavaFX Application Thread] INFO  c.m.s.m.s.impl.ProductServiceImpl - This is logger.
2025-08-26 00:40:38.586 [ForkJoinPool.commonPool-worker-1] INFO  c.m.s.m.service.UpfileService - Upload file.
2025-08-26 00:40:38.982 [ForkJoinPool.commonPool-worker-1] INFO  c.m.s.m.service.UpfileService - status: -1
2025-08-26 00:40:38.982 [JavaFX Application Thread] INFO  c.m.s.m.s.impl.ProductServiceImpl - This is logger.
2025-08-26 00:40:39.003 [ForkJoinPool.commonPool-worker-1] INFO  c.m.s.m.service.UpfileService - Backup file successfully.
2025-08-26 00:40:40.197 [JavaFX Application Thread] INFO  c.m.s.m.s.impl.ProductServiceImpl - This is logger.
2025-08-26 00:41:56.577 [JavaFX Application Thread] INFO  c.m.s.m.s.impl.ProductServiceImpl - This is logger.
2025-08-26 00:42:01.687 [JavaFX Application Thread] INFO  c.m.s.m.s.impl.ProductServiceImpl - This is logger.
2025-08-26 00:47:15.190 [ForkJoinPool.commonPool-worker-1] INFO  c.m.s.m.service.UpfileService - Upload file.
2025-08-26 00:47:15.607 [ForkJoinPool.commonPool-worker-1] INFO  c.m.s.m.service.UpfileService - status: -1
2025-08-26 00:47:15.626 [ForkJoinPool.commonPool-worker-1] INFO  c.m.s.m.service.UpfileService - Backup file successfully.
2025-08-26 00:47:15.696 [JavaFX Application Thread] INFO  c.m.s.m.s.impl.ProductServiceImpl - This is logger.
2025-08-26 00:47:16.725 [JavaFX Application Thread] INFO  c.m.s.m.s.impl.ProductServiceImpl - This is logger.
2025-08-26 00:47:20.947 [JavaFX Application Thread] INFO  c.m.s.m.s.impl.ProductServiceImpl - This is logger.
2025-08-26 01:04:55.738 [ForkJoinPool.commonPool-worker-1] INFO  c.m.s.m.service.UpfileService - Upload file.
2025-08-26 01:04:56.017 [JavaFX Application Thread] INFO  c.m.s.m.s.impl.ProductServiceImpl - This is logger.
2025-08-26 01:04:56.076 [ForkJoinPool.commonPool-worker-1] INFO  c.m.s.m.service.UpfileService - status: -1
2025-08-26 01:04:56.099 [JavaFX Application Thread] INFO  c.m.s.m.s.impl.ProductServiceImpl - This is logger.
2025-08-26 01:04:56.124 [ForkJoinPool.commonPool-worker-1] ERROR c.m.s.m.service.UpfileService - Up file fail: e
java.lang.NullPointerException: Cannot invoke "java.sql.Connection.createStatement()" because the return value of "com.manager.stock.manager_stock.dao.impl.DatasourceInitialize.getInstance()" is null
	at com.manager.stock.manager_stock@1.0-SNAPSHOT/com.manager.stock.manager_stock.dao.impl.UpFileDao.backup(UpFileDao.java:40)
	at com.manager.stock.manager_stock@1.0-SNAPSHOT/com.manager.stock.manager_stock.service.UpfileService.upFile(UpfileService.java:24)
	at java.base/java.util.concurrent.CompletableFuture$AsyncRun.run(CompletableFuture.java:1804)
	at java.base/java.util.concurrent.CompletableFuture$AsyncRun.exec(CompletableFuture.java:1796)
	at java.base/java.util.concurrent.ForkJoinTask.doExec(ForkJoinTask.java:373)
	at java.base/java.util.concurrent.ForkJoinPool$WorkQueue.topLevelExec(ForkJoinPool.java:1182)
	at java.base/java.util.concurrent.ForkJoinPool.scan(ForkJoinPool.java:1655)
	at java.base/java.util.concurrent.ForkJoinPool.runWorker(ForkJoinPool.java:1622)
	at java.base/java.util.concurrent.ForkJoinWorkerThread.run(ForkJoinWorkerThread.java:165)
2025-08-26 01:05:42.155 [ForkJoinPool.commonPool-worker-1] INFO  c.m.s.m.service.UpfileService - Upload file.
2025-08-26 01:05:42.459 [JavaFX Application Thread] INFO  c.m.s.m.s.impl.ProductServiceImpl - This is logger.
2025-08-26 01:05:42.464 [ForkJoinPool.commonPool-worker-1] INFO  c.m.s.m.service.UpfileService - status: -1
2025-08-26 01:05:42.479 [ForkJoinPool.commonPool-worker-1] INFO  c.m.s.m.service.UpfileService - Backup file successfully.
2025-08-26 01:05:43.365 [JavaFX Application Thread] INFO  c.m.s.m.s.impl.ProductServiceImpl - This is logger.
2025-08-26 01:06:57.644 [JavaFX Application Thread] INFO  c.m.s.m.s.impl.ProductServiceImpl - This is logger.
2025-08-26 01:09:45.050 [ForkJoinPool.commonPool-worker-1] INFO  c.m.s.m.service.UpfileService - Upload file.
2025-08-26 01:09:45.343 [ForkJoinPool.commonPool-worker-1] INFO  c.m.s.m.service.UpfileService - status: -1
2025-08-26 01:09:45.359 [ForkJoinPool.commonPool-worker-1] INFO  c.m.s.m.service.UpfileService - Backup file successfully.
2025-08-26 01:09:45.397 [JavaFX Application Thread] INFO  c.m.s.m.s.impl.ProductServiceImpl - This is logger.
2025-08-26 01:09:46.452 [JavaFX Application Thread] INFO  c.m.s.m.s.impl.ProductServiceImpl - This is logger.
2025-08-26 01:09:52.667 [JavaFX Application Thread] INFO  c.m.s.m.s.impl.ProductServiceImpl - This is logger.
2025-08-26 01:10:04.968 [JavaFX Application Thread] INFO  c.m.s.m.s.impl.ProductServiceImpl - This is logger.
2025-08-26 01:11:58.787 [JavaFX Application Thread] INFO  c.m.s.m.s.impl.ProductServiceImpl - This is logger.
2025-08-26 10:19:38.667 [ForkJoinPool.commonPool-worker-1] INFO  c.m.s.m.service.UpfileService - Upload file.
2025-08-26 10:19:39.011 [ForkJoinPool.commonPool-worker-1] INFO  c.m.s.m.service.UpfileService - status: -1
2025-08-26 10:19:39.030 [ForkJoinPool.commonPool-worker-1] INFO  c.m.s.m.service.UpfileService - Backup file successfully.
2025-08-26 10:19:39.032 [JavaFX Application Thread] INFO  c.m.s.m.s.impl.ProductServiceImpl - This is logger.
2025-08-26 10:19:39.977 [JavaFX Application Thread] INFO  c.m.s.m.s.impl.ProductServiceImpl - This is logger.
2025-08-26 10:19:46.961 [JavaFX Application Thread] INFO  c.m.s.m.s.impl.ProductServiceImpl - This is logger.
2025-08-26 10:22:30.414 [JavaFX Application Thread] INFO  c.m.s.m.s.impl.ProductServiceImpl - This is logger.
2025-08-26 10:28:47.661 [ForkJoinPool.commonPool-worker-1] INFO  c.m.s.m.service.UpfileService - Upload file.
2025-08-26 10:28:47.924 [JavaFX Application Thread] INFO  c.m.s.m.s.impl.ProductServiceImpl - This is logger.
2025-08-26 10:28:47.960 [ForkJoinPool.commonPool-worker-1] INFO  c.m.s.m.service.UpfileService - status: -1
2025-08-26 10:28:47.979 [ForkJoinPool.commonPool-worker-1] INFO  c.m.s.m.service.UpfileService - Backup file successfully.
2025-08-26 10:28:48.855 [JavaFX Application Thread] INFO  c.m.s.m.s.impl.ProductServiceImpl - This is logger.
2025-08-26 10:28:57.257 [JavaFX Application Thread] INFO  c.m.s.m.s.impl.ProductServiceImpl - This is logger.
2025-08-26 10:29:07.246 [JavaFX Application Thread] INFO  c.m.s.m.s.impl.ProductServiceImpl - This is logger.
2025-08-26 10:29:19.349 [JavaFX Application Thread] INFO  c.m.s.m.s.impl.ProductServiceImpl - This is logger.
2025-08-26 10:34:07.521 [ForkJoinPool.commonPool-worker-1] INFO  c.m.s.m.service.UpfileService - Upload file.
2025-08-26 10:34:07.865 [ForkJoinPool.commonPool-worker-1] INFO  c.m.s.m.service.UpfileService - status: -1
2025-08-26 10:34:07.887 [ForkJoinPool.commonPool-worker-1] INFO  c.m.s.m.service.UpfileService - Backup file successfully.
2025-08-26 10:34:08.092 [JavaFX Application Thread] INFO  c.m.s.m.s.impl.ProductServiceImpl - This is logger.
2025-08-26 10:34:09.103 [JavaFX Application Thread] INFO  c.m.s.m.s.impl.ProductServiceImpl - This is logger.
2025-08-26 10:34:12.934 [JavaFX Application Thread] INFO  c.m.s.m.s.impl.ProductServiceImpl - This is logger.
2025-08-26 10:53:11.200 [JavaFX Application Thread] INFO  c.m.s.m.s.impl.ProductServiceImpl - This is logger.
2025-08-26 10:53:26.347 [JavaFX Application Thread] INFO  c.m.s.m.s.impl.ProductServiceImpl - This is logger.
2025-08-26 14:34:24.931 [ForkJoinPool.commonPool-worker-1] INFO  c.m.s.m.service.UpfileService - Upload file.
2025-08-26 14:34:25.229 [ForkJoinPool.commonPool-worker-1] INFO  c.m.s.m.service.UpfileService - status: -1
2025-08-26 14:34:25.258 [ForkJoinPool.commonPool-worker-1] INFO  c.m.s.m.service.UpfileService - Backup file successfully.
2025-08-26 14:34:25.454 [JavaFX Application Thread] INFO  c.m.s.m.s.impl.ProductServiceImpl - This is logger.
2025-08-26 14:34:26.337 [JavaFX Application Thread] INFO  c.m.s.m.s.impl.ProductServiceImpl - This is logger.
2025-08-26 14:35:30.365 [ForkJoinPool.commonPool-worker-1] INFO  c.m.s.m.service.UpfileService - Upload file.
2025-08-26 14:35:30.632 [JavaFX Application Thread] INFO  c.m.s.m.s.impl.ProductServiceImpl - This is logger.
2025-08-26 14:35:30.678 [ForkJoinPool.commonPool-worker-1] INFO  c.m.s.m.service.UpfileService - status: -1
2025-08-26 14:35:30.697 [ForkJoinPool.commonPool-worker-1] INFO  c.m.s.m.service.UpfileService - Backup file successfully.
2025-08-26 14:35:31.574 [JavaFX Application Thread] INFO  c.m.s.m.s.impl.ProductServiceImpl - This is logger.
2025-08-26 14:37:35.046 [JavaFX Application Thread] INFO  c.m.s.m.s.impl.ProductServiceImpl - This is logger.
2025-08-26 14:41:50.094 [JavaFX Application Thread] INFO  c.m.s.m.s.impl.ProductServiceImpl - This is logger.
2025-08-26 14:42:35.052 [JavaFX Application Thread] INFO  c.m.s.m.s.impl.ProductServiceImpl - This is logger.
2025-08-26 14:44:01.874 [JavaFX Application Thread] INFO  c.m.s.m.s.impl.ProductServiceImpl - This is logger.
2025-08-26 14:45:58.190 [JavaFX Application Thread] INFO  c.m.s.m.s.impl.ProductServiceImpl - This is logger.
2025-08-26 14:46:16.710 [JavaFX Application Thread] INFO  c.m.s.m.s.impl.ProductServiceImpl - This is logger.
2025-08-26 14:47:13.483 [JavaFX Application Thread] INFO  c.m.s.m.s.impl.ProductServiceImpl - This is logger.
2025-08-26 14:51:47.792 [JavaFX Application Thread] INFO  c.m.s.m.s.impl.ProductServiceImpl - This is logger.
2025-08-26 15:14:02.482 [ForkJoinPool.commonPool-worker-1] INFO  c.m.s.m.service.UpfileService - Upload file.
2025-08-26 15:14:02.725 [JavaFX Application Thread] INFO  c.m.s.m.s.impl.ProductServiceImpl - This is logger.
2025-08-26 15:14:02.772 [ForkJoinPool.commonPool-worker-1] INFO  c.m.s.m.service.UpfileService - status: -1
2025-08-26 15:14:02.787 [ForkJoinPool.commonPool-worker-1] INFO  c.m.s.m.service.UpfileService - Backup file successfully.
2025-08-26 15:14:03.608 [JavaFX Application Thread] INFO  c.m.s.m.s.impl.ProductServiceImpl - This is logger.
2025-08-26 15:14:16.416 [JavaFX Application Thread] INFO  c.m.s.m.s.impl.ProductServiceImpl - This is logger.
2025-08-26 15:26:29.900 [JavaFX Application Thread] INFO  c.m.s.m.s.impl.ProductServiceImpl - This is logger.
2025-08-26 15:27:15.130 [JavaFX Application Thread] INFO  c.m.s.m.s.impl.ProductServiceImpl - This is logger.
2025-08-26 15:28:09.940 [JavaFX Application Thread] INFO  c.m.s.m.s.impl.ProductServiceImpl - This is logger.
2025-08-26 15:33:24.520 [JavaFX Application Thread] INFO  c.m.s.m.s.impl.ProductServiceImpl - This is logger.
2025-08-26 15:49:48.921 [JavaFX Application Thread] INFO  c.m.s.m.s.impl.ProductServiceImpl - This is logger.
2025-08-26 15:55:51.216 [JavaFX Application Thread] INFO  c.m.s.m.s.impl.ProductServiceImpl - This is logger.
2025-08-26 15:56:08.114 [JavaFX Application Thread] INFO  c.m.s.m.s.impl.ProductServiceImpl - This is logger.
2025-08-26 15:59:45.000 [JavaFX Application Thread] INFO  c.m.s.m.s.impl.ProductServiceImpl - This is logger.
2025-08-26 16:04:19.974 [JavaFX Application Thread] INFO  c.m.s.m.s.impl.ProductServiceImpl - This is logger.
2025-08-26 16:09:13.173 [JavaFX Application Thread] INFO  c.m.s.m.s.impl.ProductServiceImpl - This is logger.
2025-08-26 16:13:39.196 [JavaFX Application Thread] INFO  c.m.s.m.s.impl.ProductServiceImpl - This is logger.
2025-08-26 16:24:02.286 [JavaFX Application Thread] INFO  c.m.s.m.s.impl.ProductServiceImpl - This is logger.
2025-08-26 16:33:31.350 [JavaFX Application Thread] INFO  c.m.s.m.s.impl.ProductServiceImpl - This is logger.
2025-08-26 16:33:43.658 [JavaFX Application Thread] INFO  c.m.s.m.s.impl.ProductServiceImpl - This is logger.
2025-08-26 16:36:03.634 [JavaFX Application Thread] INFO  c.m.s.m.s.impl.ProductServiceImpl - This is logger.
2025-08-26 16:38:19.508 [JavaFX Application Thread] INFO  c.m.s.m.s.impl.ProductServiceImpl - This is logger.
2025-08-26 16:44:39.088 [JavaFX Application Thread] INFO  c.m.s.m.s.impl.ProductServiceImpl - This is logger.
2025-08-26 16:49:39.543 [JavaFX Application Thread] INFO  c.m.s.m.s.impl.ProductServiceImpl - This is logger.
2025-08-26 16:53:39.038 [main] INFO  c.m.s.m.service.UpfileService - Upload file.
2025-08-26 16:53:39.094 [ForkJoinPool.commonPool-worker-1] INFO  c.m.s.m.service.UpfileService - status: -1
2025-08-26 16:53:39.115 [ForkJoinPool.commonPool-worker-1] INFO  c.m.s.m.service.UpfileService - Backup file successfully.
2025-08-26 16:53:39.583 [JavaFX Application Thread] INFO  c.m.s.m.s.impl.ProductServiceImpl - This is logger.
2025-08-26 16:53:40.579 [JavaFX Application Thread] INFO  c.m.s.m.s.impl.ProductServiceImpl - This is logger.
2025-08-26 16:54:35.989 [JavaFX Application Thread] INFO  c.m.s.m.s.impl.ProductServiceImpl - This is logger.
2025-08-26 17:03:54.489 [JavaFX Application Thread] INFO  c.m.s.m.s.impl.ProductServiceImpl - This is logger.
2025-08-26 17:04:54.872 [JavaFX Application Thread] INFO  c.m.s.m.s.impl.ProductServiceImpl - This is logger.
2025-08-26 17:35:35.670 [JavaFX Application Thread] INFO  c.m.s.m.s.impl.ProductServiceImpl - This is logger.
