2025-07-03 00:06:05.332 [JavaFX Application Thread] DEBUG c.m.s.m.d.impl.ImportReceiptDaoImpl - Start insert of database with sql: INSERT INTO import_receipt (id, invoice_number, create_at, delivered_by, invoice, company_name, warehouse_name, total_price, total_price_in_word)  values (?, ?, ?, ?, ?, ?, ?, ?, ?)
2025-07-03 00:06:05.336 [JavaFX Application Thread] DEBUG c.m.s.m.d.impl.ImportReceiptDaoImpl - Start insert of database with params: [[Ljava.lang.Object;@7d35776f]
2025-07-03 00:06:05.338 [JavaFX Application Thread] DEBUG c.m.s.m.d.impl.ImportReceiptDaoImpl - Start connect to database..., user = postgres, password = 1234
2025-07-03 00:06:05.683 [JavaFX Application Thread] INFO  c.m.s.m.d.impl.ImportReceiptDaoImpl - Insert success: {0} rows.
2025-07-03 00:06:05.685 [JavaFX Application Thread] DEBUG c.m.s.m.d.i.ImportReceiptDetailDaoImpl - Start insert of database with sql: INSERT INTO import_receipt_detail (id, import_receipt_id, product_id, planned_quantity, actual_quantity, unit_price, total_price) values (?, ?, ?, ?, ?, ?, ?)
2025-07-03 00:06:05.685 [JavaFX Application Thread] DEBUG c.m.s.m.d.i.ImportReceiptDetailDaoImpl - Start insert of database with params: [[Ljava.lang.Object;@3a7ddff5]
2025-07-03 00:06:05.685 [JavaFX Application Thread] DEBUG c.m.s.m.d.i.ImportReceiptDetailDaoImpl - Start connect to database..., user = postgres, password = 1234
2025-07-03 00:06:05.726 [JavaFX Application Thread] INFO  c.m.s.m.d.i.ImportReceiptDetailDaoImpl - Insert success: {0} rows.
2025-07-03 00:08:05.768 [JavaFX Application Thread] DEBUG c.m.s.m.d.impl.ImportReceiptDaoImpl - Start insert of database with sql: INSERT INTO import_receipt (id, invoice_number, create_at, delivered_by, invoice, company_name, warehouse_name, total_price, total_price_in_word)  values (?, ?, ?, ?, ?, ?, ?, ?, ?)
2025-07-03 00:08:05.769 [JavaFX Application Thread] DEBUG c.m.s.m.d.impl.ImportReceiptDaoImpl - Start insert of database with params: [[Ljava.lang.Object;@72bb6318]
2025-07-03 00:08:05.771 [JavaFX Application Thread] DEBUG c.m.s.m.d.impl.ImportReceiptDaoImpl - Start connect to database..., user = postgres, password = 1234
2025-07-03 00:08:05.956 [JavaFX Application Thread] INFO  c.m.s.m.d.impl.ImportReceiptDaoImpl - Insert success: {0} rows.
2025-07-03 00:08:05.958 [JavaFX Application Thread] DEBUG c.m.s.m.d.i.ImportReceiptDetailDaoImpl - Start insert of database with sql: INSERT INTO import_receipt_detail (id, import_receipt_id, product_id, planned_quantity, actual_quantity, unit_price, total_price) values (?, ?, ?, ?, ?, ?, ?)
2025-07-03 00:08:05.958 [JavaFX Application Thread] DEBUG c.m.s.m.d.i.ImportReceiptDetailDaoImpl - Start insert of database with params: [[Ljava.lang.Object;@137391fe]
2025-07-03 00:08:05.958 [JavaFX Application Thread] DEBUG c.m.s.m.d.i.ImportReceiptDetailDaoImpl - Start connect to database..., user = postgres, password = 1234
2025-07-03 00:08:06.005 [JavaFX Application Thread] INFO  c.m.s.m.d.i.ImportReceiptDetailDaoImpl - Insert success: {0} rows.
2025-07-03 00:10:11.335 [JavaFX Application Thread] DEBUG c.m.s.m.d.impl.ImportReceiptDaoImpl - Start insert of database with sql: INSERT INTO import_receipt (id, invoice_number, create_at, delivered_by, invoice, company_name, warehouse_name, total_price, total_price_in_word)  values (?, ?, ?, ?, ?, ?, ?, ?, ?)
2025-07-03 00:10:11.337 [JavaFX Application Thread] DEBUG c.m.s.m.d.impl.ImportReceiptDaoImpl - Start insert of database with params: [[Ljava.lang.Object;@3c05fc48]
2025-07-03 00:10:11.338 [JavaFX Application Thread] DEBUG c.m.s.m.d.impl.ImportReceiptDaoImpl - Start connect to database..., user = postgres, password = 1234
2025-07-03 00:10:11.522 [JavaFX Application Thread] INFO  c.m.s.m.d.impl.ImportReceiptDaoImpl - Insert success: {0} rows.
2025-07-03 00:10:11.524 [JavaFX Application Thread] DEBUG c.m.s.m.d.i.ImportReceiptDetailDaoImpl - Start insert of database with sql: INSERT INTO import_receipt_detail (id, import_receipt_id, product_id, planned_quantity, actual_quantity, unit_price, total_price) values (?, ?, ?, ?, ?, ?, ?)
2025-07-03 00:10:11.524 [JavaFX Application Thread] DEBUG c.m.s.m.d.i.ImportReceiptDetailDaoImpl - Start insert of database with params: [[Ljava.lang.Object;@2933e7a1]
2025-07-03 00:10:11.524 [JavaFX Application Thread] DEBUG c.m.s.m.d.i.ImportReceiptDetailDaoImpl - Start connect to database..., user = postgres, password = 1234
2025-07-03 00:10:11.706 [JavaFX Application Thread] INFO  c.m.s.m.d.i.ImportReceiptDetailDaoImpl - Insert success: {0} rows.
2025-07-03 00:12:05.563 [JavaFX Application Thread] DEBUG c.m.s.m.d.impl.ImportReceiptDaoImpl - Start insert of database with sql: INSERT INTO import_receipt (id, invoice_number, create_at, delivered_by, invoice, company_name, warehouse_name, total_price, total_price_in_word)  values (?, ?, ?, ?, ?, ?, ?, ?, ?)
2025-07-03 00:12:05.565 [JavaFX Application Thread] DEBUG c.m.s.m.d.impl.ImportReceiptDaoImpl - Start insert of database with params: [[Ljava.lang.Object;@67dfd9aa]
2025-07-03 00:12:05.565 [JavaFX Application Thread] DEBUG c.m.s.m.d.impl.ImportReceiptDaoImpl - Start connect to database..., user = postgres, password = 1234
2025-07-03 00:12:05.753 [JavaFX Application Thread] INFO  c.m.s.m.d.impl.ImportReceiptDaoImpl - Insert success: {0} rows.
2025-07-03 00:12:05.754 [JavaFX Application Thread] DEBUG c.m.s.m.d.i.ImportReceiptDetailDaoImpl - Start insert of database with sql: INSERT INTO import_receipt_detail (id, import_receipt_id, product_id, planned_quantity, actual_quantity, unit_price, total_price) values (?, ?, ?, ?, ?, ?, ?)
2025-07-03 00:12:05.754 [JavaFX Application Thread] DEBUG c.m.s.m.d.i.ImportReceiptDetailDaoImpl - Start insert of database with params: [[Ljava.lang.Object;@390bd7df]
2025-07-03 00:12:05.754 [JavaFX Application Thread] DEBUG c.m.s.m.d.i.ImportReceiptDetailDaoImpl - Start connect to database..., user = postgres, password = 1234
2025-07-03 00:12:05.910 [JavaFX Application Thread] INFO  c.m.s.m.d.i.ImportReceiptDetailDaoImpl - Insert success: {0} rows.
2025-07-03 00:12:54.389 [JavaFX Application Thread] DEBUG c.m.s.m.d.impl.ImportReceiptDaoImpl - Start insert of database with sql: INSERT INTO import_receipt (id, invoice_number, create_at, delivered_by, invoice, company_name, warehouse_name, total_price, total_price_in_word)  values (?, ?, ?, ?, ?, ?, ?, ?, ?)
2025-07-03 00:12:54.391 [JavaFX Application Thread] DEBUG c.m.s.m.d.impl.ImportReceiptDaoImpl - Start insert of database with params: [[Ljava.lang.Object;@12d93009]
2025-07-03 00:12:54.392 [JavaFX Application Thread] DEBUG c.m.s.m.d.impl.ImportReceiptDaoImpl - Start connect to database..., user = postgres, password = 1234
2025-07-03 00:12:54.565 [JavaFX Application Thread] INFO  c.m.s.m.d.impl.ImportReceiptDaoImpl - Insert success: {0} rows.
2025-07-03 00:12:54.566 [JavaFX Application Thread] DEBUG c.m.s.m.d.i.ImportReceiptDetailDaoImpl - Start insert of database with sql: INSERT INTO import_receipt_detail (id, import_receipt_id, product_id, planned_quantity, actual_quantity, unit_price, total_price) values (?, ?, ?, ?, ?, ?, ?)
2025-07-03 00:12:54.566 [JavaFX Application Thread] DEBUG c.m.s.m.d.i.ImportReceiptDetailDaoImpl - Start insert of database with params: [[Ljava.lang.Object;@4b6ed387]
2025-07-03 00:12:54.566 [JavaFX Application Thread] DEBUG c.m.s.m.d.i.ImportReceiptDetailDaoImpl - Start connect to database..., user = postgres, password = 1234
2025-07-03 00:12:54.742 [JavaFX Application Thread] INFO  c.m.s.m.d.i.ImportReceiptDetailDaoImpl - Insert success: {0} rows.
2025-07-03 00:16:34.454 [JavaFX Application Thread] DEBUG c.m.s.m.d.impl.ImportReceiptDaoImpl - Start insert of database with sql: INSERT INTO import_receipt (id, invoice_number, create_at, delivered_by, invoice, company_name, warehouse_name, total_price, total_price_in_word)  values (?, ?, ?, ?, ?, ?, ?, ?, ?)
2025-07-03 00:16:34.456 [JavaFX Application Thread] DEBUG c.m.s.m.d.impl.ImportReceiptDaoImpl - Start insert of database with params: [[Ljava.lang.Object;@3b7894f4]
2025-07-03 00:16:34.458 [JavaFX Application Thread] DEBUG c.m.s.m.d.impl.ImportReceiptDaoImpl - Start connect to database..., user = postgres, password = 1234
2025-07-03 00:16:34.639 [JavaFX Application Thread] INFO  c.m.s.m.d.impl.ImportReceiptDaoImpl - Insert success: {0} rows.
2025-07-03 00:16:34.640 [JavaFX Application Thread] DEBUG c.m.s.m.d.i.ImportReceiptDetailDaoImpl - Start insert of database with sql: INSERT INTO import_receipt_detail (id, import_receipt_id, product_id, planned_quantity, actual_quantity, unit_price, total_price) values (?, ?, ?, ?, ?, ?, ?)
2025-07-03 00:16:34.640 [JavaFX Application Thread] DEBUG c.m.s.m.d.i.ImportReceiptDetailDaoImpl - Start insert of database with params: [[Ljava.lang.Object;@2f9939d0]
2025-07-03 00:16:34.640 [JavaFX Application Thread] DEBUG c.m.s.m.d.i.ImportReceiptDetailDaoImpl - Start connect to database..., user = postgres, password = 1234
2025-07-03 00:16:34.683 [JavaFX Application Thread] INFO  c.m.s.m.d.i.ImportReceiptDetailDaoImpl - Insert success: {0} rows.
2025-07-03 00:19:30.356 [JavaFX Application Thread] DEBUG c.m.s.m.d.impl.ImportReceiptDaoImpl - Start insert of database with sql: INSERT INTO import_receipt (id, invoice_number, create_at, delivered_by, invoice, company_name, warehouse_name, total_price, total_price_in_word)  values (?, ?, ?, ?, ?, ?, ?, ?, ?)
2025-07-03 00:19:30.358 [JavaFX Application Thread] DEBUG c.m.s.m.d.impl.ImportReceiptDaoImpl - Start insert of database with params: [[Ljava.lang.Object;@1fd553]
2025-07-03 00:19:30.359 [JavaFX Application Thread] DEBUG c.m.s.m.d.impl.ImportReceiptDaoImpl - Start connect to database..., user = postgres, password = 1234
2025-07-03 00:19:30.635 [JavaFX Application Thread] INFO  c.m.s.m.d.impl.ImportReceiptDaoImpl - Insert success: {0} rows.
2025-07-03 00:19:30.637 [JavaFX Application Thread] DEBUG c.m.s.m.d.i.ImportReceiptDetailDaoImpl - Start insert of database with sql: INSERT INTO import_receipt_detail (id, import_receipt_id, product_id, planned_quantity, actual_quantity, unit_price, total_price) values (?, ?, ?, ?, ?, ?, ?)
2025-07-03 00:19:30.637 [JavaFX Application Thread] DEBUG c.m.s.m.d.i.ImportReceiptDetailDaoImpl - Start insert of database with params: [[Ljava.lang.Object;@7a76f780]
2025-07-03 00:19:30.637 [JavaFX Application Thread] DEBUG c.m.s.m.d.i.ImportReceiptDetailDaoImpl - Start connect to database..., user = postgres, password = 1234
2025-07-03 00:19:30.677 [JavaFX Application Thread] INFO  c.m.s.m.d.i.ImportReceiptDetailDaoImpl - Insert success: {0} rows.
2025-07-03 00:21:49.284 [JavaFX Application Thread] DEBUG c.m.s.m.d.impl.ImportReceiptDaoImpl - Start insert of database with sql: INSERT INTO import_receipt (id, invoice_number, create_at, delivered_by, invoice, company_name, warehouse_name, total_price, total_price_in_word)  values (?, ?, ?, ?, ?, ?, ?, ?, ?)
2025-07-03 00:21:49.285 [JavaFX Application Thread] DEBUG c.m.s.m.d.impl.ImportReceiptDaoImpl - Start insert of database with params: [[Ljava.lang.Object;@774a3121]
2025-07-03 00:21:49.286 [JavaFX Application Thread] DEBUG c.m.s.m.d.impl.ImportReceiptDaoImpl - Start connect to database..., user = postgres, password = 1234
2025-07-03 00:21:49.454 [JavaFX Application Thread] INFO  c.m.s.m.d.impl.ImportReceiptDaoImpl - Insert success: {0} rows.
2025-07-03 00:21:49.455 [JavaFX Application Thread] DEBUG c.m.s.m.d.i.ImportReceiptDetailDaoImpl - Start insert of database with sql: INSERT INTO import_receipt_detail (id, import_receipt_id, product_id, planned_quantity, actual_quantity, unit_price, total_price) values (?, ?, ?, ?, ?, ?, ?)
2025-07-03 00:21:49.455 [JavaFX Application Thread] DEBUG c.m.s.m.d.i.ImportReceiptDetailDaoImpl - Start insert of database with params: [[Ljava.lang.Object;@60dd041]
2025-07-03 00:21:49.455 [JavaFX Application Thread] DEBUG c.m.s.m.d.i.ImportReceiptDetailDaoImpl - Start connect to database..., user = postgres, password = 1234
2025-07-03 00:21:49.498 [JavaFX Application Thread] INFO  c.m.s.m.d.i.ImportReceiptDetailDaoImpl - Insert success: {0} rows.
